<?xml version="1.0" encoding="utf-8"?>
<gameMode type="simulation">
	<info/>
	<properties>
		<width>
			2560
		</width>
		<height>
			8000
		</height>
		<bgcolor>
			<r>
				27
			</r>
			<g>
				45
			</g>
			<b>
				135
			</b>
		</bgcolor>
		<bgcolor_top>
			<r>
				0
			</r>
			<g>
				0
			</g>
			<b>
				0
			</b>
		</bgcolor_top>
	</properties>
	<objectDefinitions>
		<!-- include the standard stuff -->
		<include_xml_file>
			common-objects.xml
		</include_xml_file>
		<!-- level backgrounds/foregrounds -->
		<include_xml_file>
			objects/obj_background_night.xml
		</include_xml_file>
		<!-- various scenery -->
		<include_xml_file>
			objects/greenblock.xml
		</include_xml_file>
		<include_xml_file>
			objects/spawner.xml
		</include_xml_file>
		<include_xml_file>
			objects/enemy1.xml
		</include_xml_file>
		<include_xml_file>
			objects/smallblock.xml
		</include_xml_file>
		<include_xml_file>
			objects/block3.xml
		</include_xml_file>
		<include_xml_file>
			objects/obj_s_palm_tall.xml
		</include_xml_file>
		<include_xml_file>
			objects/flower1.xml
		</include_xml_file>
		<include_xml_file>
			objects/flower2.xml
		</include_xml_file>
		<include_xml_file>
			objects/fan.xml
		</include_xml_file>
		<include_xml_file>
			objects/cloud.xml
		</include_xml_file>
		<include_xml_file>
			objects/cloud2.xml
		</include_xml_file>
		<include_xml_file>
			objects/door.xml
		</include_xml_file>
		<include_xml_file>
			objects/plane.xml
		</include_xml_file>
		<include_xml_file>
			objects/sign-arrow.xml
		</include_xml_file>
		<include_xml_file>
			objects/sign-arrow-up.xml
		</include_xml_file>
		<include_xml_file>
			objects/sign-haha.xml
		</include_xml_file>
		<include_xml_file>
			objects/sign-credits.xml
		</include_xml_file>
		<include_xml_file>
			objects/sign-up.xml
		</include_xml_file>
		<include_xml_file>
			objects/sign-leftright.xml
		</include_xml_file>
		<include_xml_file>
			objects/sign-jump.xml
		</include_xml_file>
		<include_xml_file>
			objects/totem1.xml
		</include_xml_file>
		<!-- interactive things -->
		<include_xml_file>
			objects/spring-up.xml
		</include_xml_file>
		<include_xml_file>
			objects/spring-right.xml
		</include_xml_file>
	</objectDefinitions>
	<effects>
		<include_xml_file>
			common-effects.xml
		</include_xml_file>
	</effects>
	<map>
		<layer scroll_speed="0.150000" name="background">
			<object objectDef="background">
				<position type="fixed">
					<x>
						0
					</x>
					<y>
						0
					</y>
				</position>
			</object>
			<object objectDef="plane">
				<position type="fixed">
					<x>
						2265
					</x>
					<y>
						1332
					</y>
				</position>
			</object>
		</layer>
		<layer scroll_speed="1.000000" name="bg_objects">
			<object objectDef="spawner">
				<position type="fixed">
					<x>
						1814
					</x>
					<y>
						229
					</y>
				</position>
			</object>
			<object objectDef="spawner">
				<position type="fixed">
					<x>
						1925
					</x>
					<y>
						253
					</y>
				</position>
			</object>
			<object objectDef="spawner">
				<position type="fixed">
					<x>
						1824
					</x>
					<y>
						349
					</y>
				</position>
			</object>
			<object objectDef="spawner">
				<position type="fixed">
					<x>
						1624
					</x>
					<y>
						311
					</y>
				</position>
			</object>
			<object objectDef="smallblock">
				<position type="fixed">
					<x>
						2231
					</x>
					<y>
						131
					</y>
				</position>
			</object>
			<object objectDef="smallblock">
				<position type="fixed">
					<x>
						2342
					</x>
					<y>
						155
					</y>
				</position>
			</object>
			<object objectDef="smallblock">
				<position type="fixed">
					<x>
						2281
					</x>
					<y>
						281
					</y>
				</position>
			</object>
			<object objectDef="smallblock">
				<position type="fixed">
					<x>
						2224
					</x>
					<y>
						303
					</y>
				</position>
			</object>
			<object objectDef="smallblock">
				<position type="fixed">
					<x>
						2195
					</x>
					<y>
						332
					</y>
				</position>
			</object>
			<object objectDef="smallblock">
				<position type="fixed">
					<x>
						2117
					</x>
					<y>
						433
					</y>
				</position>
			</object>
			<object objectDef="smallblock">
				<position type="fixed">
					<x>
						2079
					</x>
					<y>
						466
					</y>
				</position>
			</object>
			<object objectDef="smallblock">
				<position type="fixed">
					<x>
						2064
					</x>
					<y>
						461
					</y>
				</position>
			</object>
			<object objectDef="smallblock">
				<position type="fixed">
					<x>
						2087
					</x>
					<y>
						303
					</y>
				</position>
			</object>
			<object objectDef="smallblock">
				<position type="fixed">
					<x>
						2105
					</x>
					<y>
						124
					</y>
				</position>
			</object>
			<object objectDef="smallblock">
				<position type="fixed">
					<x>
						2028
					</x>
					<y>
						80
					</y>
				</position>
			</object>
			<object objectDef="smallblock">
				<position type="fixed">
					<x>
						1979
					</x>
					<y>
						143
					</y>
				</position>
			</object>
			<object objectDef="smallblock">
				<position type="fixed">
					<x>
						2014
					</x>
					<y>
						225
					</y>
				</position>
			</object>
			<object objectDef="smallblock">
				<position type="fixed">
					<x>
						1994
					</x>
					<y>
						276
					</y>
				</position>
			</object>
			<object objectDef="smallblock">
				<position type="fixed">
					<x>
						1970
					</x>
					<y>
						203
					</y>
				</position>
			</object>
			<object objectDef="smallblock">
				<position type="fixed">
					<x>
						1981
					</x>
					<y>
						103
					</y>
				</position>
			</object>
			<object objectDef="smallblock">
				<position type="fixed">
					<x>
						1905
					</x>
					<y>
						117
					</y>
				</position>
			</object>
			<object objectDef="smallblock">
				<position type="fixed">
					<x>
						1817
					</x>
					<y>
						135
					</y>
				</position>
			</object>
			<object objectDef="smallblock">
				<position type="fixed">
					<x>
						1818
					</x>
					<y>
						100
					</y>
				</position>
			</object>
			<object objectDef="smallblock">
				<position type="fixed">
					<x>
						2127
					</x>
					<y>
						22
					</y>
				</position>
			</object>
			<object objectDef="smallblock">
				<position type="fixed">
					<x>
						2357
					</x>
					<y>
						100
					</y>
				</position>
			</object>
			<object objectDef="smallblock">
				<position type="fixed">
					<x>
						2377
					</x>
					<y>
						134
					</y>
				</position>
			</object>
			<object objectDef="smallblock">
				<position type="fixed">
					<x>
						2399
					</x>
					<y>
						285
					</y>
				</position>
			</object>
			<object objectDef="smallblock">
				<position type="fixed">
					<x>
						2389
					</x>
					<y>
						381
					</y>
				</position>
			</object>
		</layer>
		<layer scroll_speed="1.000000" name="foreground">
			<object objectDef="amaya">
				<position type="fixed">
					<x>
						2570
					</x>
					<y>
						60
					</y>
				</position>
				<cameraFollow/>
				<inputController>
					1
				</inputController>
			</object>
<!--
			<object objectDef="jouten">
				<position type="fixed">
					<x>
						1700
					</x>
					<y>
						50
					</y>
				</position>
				<inputController>
					2
				</inputController>
			</object>
<<<<<<< .mine
=======
-->
			<object objectDef="greenblock">
				<position type="fixed">
					<x>
						30
					</x>
					<y>
						330
					</y>
				</position>
			</object>
			<object objectDef="smallblock">
				<position type="fixed">
					<x>
						90
					</x>
					<y>
						330
					</y>
				</position>
			</object>
			<object objectDef="smallblock">
				<position type="fixed">
					<x>
						90
					</x>
					<y>
						360
					</y>
				</position>
			</object>
			<object objectDef="smallblock">
				<position type="fixed">
					<x>
						90
					</x>
					<y>
						390
					</y>
				</position>
			</object>
			<object objectDef="smallblock">
				<position type="fixed">
					<x>
						90
					</x>
					<y>
						420
					</y>
				</position>
			</object>
			<object objectDef="smallblock">
				<position type="fixed">
					<x>
						90
					</x>
					<y>
						450
					</y>
				</position>
			</object>
			<object objectDef="smallblock">
				<position type="fixed">
					<x>
						90
					</x>
					<y>
						480
					</y>
				</position>
			</object>
			<object objectDef="smallblock">
				<position type="fixed">
					<x>
						90
					</x>
					<y>
						510
					</y>
				</position>
			</object>
			<object objectDef="smallblock">
				<position type="fixed">
					<x>
						90
					</x>
					<y>
						540
					</y>
				</position>
			</object>
			<object objectDef="smallblock">
				<position type="fixed">
					<x>
						300
					</x>
					<y>
						570
					</y>
				</position>
			</object>
			<object objectDef="smallblock">
				<position type="fixed">
					<x>
						300
					</x>
					<y>
						600
					</y>
				</position>
			</object>
			<object objectDef="smallblock">
				<position type="fixed">
					<x>
						300
					</x>
					<y>
						630
					</y>
				</position>
			</object>
			<object objectDef="smallblock">
				<position type="fixed">
					<x>
						300
					</x>
					<y>
						690
					</y>
				</position>
			</object>
			<object objectDef="smallblock">
				<position type="fixed">
					<x>
						300
					</x>
					<y>
						660
					</y>
				</position>
			</object>
			<object objectDef="smallblock">
				<position type="fixed">
					<x>
						300
					</x>
					<y>
						720
					</y>
				</position>
			</object>
			<object objectDef="smallblock">
				<position type="fixed">
					<x>
						300
					</x>
					<y>
						750
					</y>
				</position>
			</object>
			<object objectDef="smallblock">
				<position type="fixed">
					<x>
						300
					</x>
					<y>
						780
					</y>
				</position>
			</object>
			<object objectDef="smallblock">
				<position type="fixed">
					<x>
						300
					</x>
					<y>
						810
					</y>
				</position>
			</object>
			<object objectDef="smallblock">
				<position type="fixed">
					<x>
						300
					</x>
					<y>
						840
					</y>
				</position>
			</object>
			<object objectDef="smallblock">
				<position type="fixed">
					<x>
						300
					</x>
					<y>
						870
					</y>
				</position>
			</object>
			<object objectDef="smallblock">
				<position type="fixed">
					<x>
						360
					</x>
					<y>
						870
					</y>
				</position>
			</object>
			<object objectDef="smallblock">
				<position type="fixed">
					<x>
						330
					</x>
					<y>
						870
					</y>
				</position>
			</object>
			<object objectDef="smallblock">
				<position type="fixed">
					<x>
						390
					</x>
					<y>
						870
					</y>
				</position>
			</object>
			<object objectDef="smallblock">
				<position type="fixed">
					<x>
						420
					</x>
					<y>
						870
					</y>
				</position>
			</object>
			<object objectDef="smallblock">
				<position type="fixed">
					<x>
						630
					</x>
					<y>
						870
					</y>
				</position>
			</object>
			<object objectDef="smallblock">
				<position type="fixed">
					<x>
						630
					</x>
					<y>
						900
					</y>
				</position>
			</object>
			<object objectDef="smallblock">
				<position type="fixed">
					<x>
						630
					</x>
					<y>
						930
					</y>
				</position>
			</object>
			<object objectDef="smallblock">
				<position type="fixed">
					<x>
						630
					</x>
					<y>
						960
					</y>
				</position>
			</object>
			<object objectDef="smallblock">
				<position type="fixed">
					<x>
						630
					</x>
					<y>
						990
					</y>
				</position>
			</object>
			<object objectDef="smallblock">
				<position type="fixed">
					<x>
						630
					</x>
					<y>
						1020
					</y>
				</position>
			</object>
			<object objectDef="smallblock">
				<position type="fixed">
					<x>
						420
					</x>
					<y>
						1050
					</y>
				</position>
			</object>
			<object objectDef="smallblock">
				<position type="fixed">
					<x>
						420
					</x>
					<y>
						1080
					</y>
				</position>
			</object>
			<object objectDef="smallblock">
				<position type="fixed">
					<x>
						420
					</x>
					<y>
						1110
					</y>
				</position>
			</object>
			<object objectDef="smallblock">
				<position type="fixed">
					<x>
						420
					</x>
					<y>
						1140
					</y>
				</position>
			</object>
			<object objectDef="smallblock">
				<position type="fixed">
					<x>
						420
					</x>
					<y>
						1170
					</y>
				</position>
			</object>
			<object objectDef="smallblock">
				<position type="fixed">
					<x>
						420
					</x>
					<y>
						1200
					</y>
				</position>
			</object>
			<object objectDef="smallblock">
				<position type="fixed">
					<x>
						420
					</x>
					<y>
						1230
					</y>
				</position>
			</object>
			<object objectDef="smallblock">
				<position type="fixed">
					<x>
						420
					</x>
					<y>
						1260
					</y>
				</position>
			</object>
			<object objectDef="smallblock">
				<position type="fixed">
					<x>
						780
					</x>
					<y>
						1290
					</y>
				</position>
			</object>
			<object objectDef="smallblock">
				<position type="fixed">
					<x>
						780
					</x>
					<y>
						1320
					</y>
				</position>
			</object>
			<object objectDef="smallblock">
				<position type="fixed">
					<x>
						780
					</x>
					<y>
						1350
					</y>
				</position>
			</object>
			<object objectDef="smallblock">
				<position type="fixed">
					<x>
						780
					</x>
					<y>
						1380
					</y>
				</position>
			</object>
			<object objectDef="smallblock">
				<position type="fixed">
					<x>
						780
					</x>
					<y>
						1410
					</y>
				</position>
			</object>
			<object objectDef="smallblock">
				<position type="fixed">
					<x>
						780
					</x>
					<y>
						1440
					</y>
				</position>
			</object>
			<object objectDef="smallblock">
				<position type="fixed">
					<x>
						780
					</x>
					<y>
						1470
					</y>
				</position>
			</object>
			<object objectDef="smallblock">
				<position type="fixed">
					<x>
						810
					</x>
					<y>
						1470
					</y>
				</position>
			</object>
			<object objectDef="smallblock">
				<position type="fixed">
					<x>
						750
					</x>
					<y>
						1470
					</y>
				</position>
			</object>
			<object objectDef="smallblock">
				<position type="fixed">
					<x>
						780
					</x>
					<y>
						1590
					</y>
				</position>
			</object>
			<object objectDef="smallblock">
				<position type="fixed">
					<x>
						780
					</x>
					<y>
						1620
					</y>
				</position>
			</object>
			<object objectDef="smallblock">
				<position type="fixed">
					<x>
						780
					</x>
					<y>
						1650
					</y>
				</position>
			</object>
			<object objectDef="smallblock">
				<position type="fixed">
					<x>
						780
					</x>
					<y>
						1680
					</y>
				</position>
			</object>
			<object objectDef="smallblock">
				<position type="fixed">
					<x>
						780
					</x>
					<y>
						1710
					</y>
				</position>
			</object>
			<object objectDef="smallblock">
				<position type="fixed">
					<x>
						780
					</x>
					<y>
						1740
					</y>
				</position>
			</object>
			<object objectDef="spring-up">
				<position type="fixed">
					<x>
						780
					</x>
					<y>
						1770
					</y>
				</position>
				<springDirection>
					<x>
						0.000000
					</x>
					<y>
						4.375000
					</y>
				</springDirection>
			</object>
			<object objectDef="smallblock">
				<position type="fixed">
					<x>
						840
					</x>
					<y>
						2250
					</y>
				</position>
			</object>
			<object objectDef="smallblock">
				<position type="fixed">
					<x>
						840
					</x>
					<y>
						2280
					</y>
				</position>
			</object>
			<object objectDef="smallblock">
				<position type="fixed">
					<x>
						840
					</x>
					<y>
						2310
					</y>
				</position>
			</object>
			<object objectDef="smallblock">
				<position type="fixed">
					<x>
						840
					</x>
					<y>
						2340
					</y>
				</position>
			</object>
			<object objectDef="smallblock">
				<position type="fixed">
					<x>
						870
					</x>
					<y>
						2340
					</y>
				</position>
			</object>
			<object objectDef="smallblock">
				<position type="fixed">
					<x>
						900
					</x>
					<y>
						2340
					</y>
				</position>
			</object>
			<object objectDef="smallblock">
				<position type="fixed">
					<x>
						900
					</x>
					<y>
						2550
					</y>
				</position>
			</object>
			<object objectDef="smallblock">
				<position type="fixed">
					<x>
						900
					</x>
					<y>
						2580
					</y>
				</position>
			</object>
			<object objectDef="smallblock">
				<position type="fixed">
					<x>
						900
					</x>
					<y>
						2610
					</y>
				</position>
			</object>
			<object objectDef="smallblock">
				<position type="fixed">
					<x>
						900
					</x>
					<y>
						2640
					</y>
				</position>
			</object>
			<object objectDef="smallblock">
				<position type="fixed">
					<x>
						630
					</x>
					<y>
						2460
					</y>
				</position>
			</object>
			<object objectDef="smallblock">
				<position type="fixed">
					<x>
						1110
					</x>
					<y>
						2730
					</y>
				</position>
			</object>
			<object objectDef="smallblock">
				<position type="fixed">
					<x>
						1320
					</x>
					<y>
						2730
					</y>
				</position>
			</object>
			<object objectDef="smallblock">
				<position type="fixed">
					<x>
						1320
					</x>
					<y>
						2760
					</y>
				</position>
			</object>
			<object objectDef="smallblock">
				<position type="fixed">
					<x>
						1320
					</x>
					<y>
						2790
					</y>
				</position>
			</object>
			<object objectDef="smallblock">
				<position type="fixed">
					<x>
						930
					</x>
					<y>
						2640
					</y>
				</position>
			</object>
			<object objectDef="smallblock">
				<position type="fixed">
					<x>
						1350
					</x>
					<y>
						2700
					</y>
				</position>
			</object>
			<object objectDef="smallblock">
				<position type="fixed">
					<x>
						1380
					</x>
					<y>
						2670
					</y>
				</position>
			</object>
			<object objectDef="smallblock">
				<position type="fixed">
					<x>
						1410
					</x>
					<y>
						2640
					</y>
				</position>
			</object>
			<object objectDef="smallblock">
				<position type="fixed">
					<x>
						1410
					</x>
					<y>
						2610
					</y>
				</position>
			</object>
			<object objectDef="smallblock">
				<position type="fixed">
					<x>
						1410
					</x>
					<y>
						2580
					</y>
				</position>
			</object>
			<object objectDef="smallblock">
				<position type="fixed">
					<x>
						1440
					</x>
					<y>
						2550
					</y>
				</position>
			</object>
			<object objectDef="smallblock">
				<position type="fixed">
					<x>
						1470
					</x>
					<y>
						2520
					</y>
				</position>
			</object>
			<object objectDef="smallblock">
				<position type="fixed">
					<x>
						1470
					</x>
					<y>
						2460
					</y>
				</position>
			</object>
			<object objectDef="smallblock">
				<position type="fixed">
					<x>
						1470
					</x>
					<y>
						2490
					</y>
				</position>
			</object>
			<object objectDef="smallblock">
				<position type="fixed">
					<x>
						1470
					</x>
					<y>
						3000
					</y>
				</position>
			</object>
			<object objectDef="smallblock">
				<position type="fixed">
					<x>
						1440
					</x>
					<y>
						3030
					</y>
				</position>
			</object>
			<object objectDef="smallblock">
				<position type="fixed">
					<x>
						1200
					</x>
					<y>
						3030
					</y>
				</position>
			</object>
			<object objectDef="smallblock">
				<position type="fixed">
					<x>
						1020
					</x>
					<y>
						3060
					</y>
				</position>
			</object>
			<object objectDef="smallblock">
				<position type="fixed">
					<x>
						1020
					</x>
					<y>
						3090
					</y>
				</position>
			</object>
			<object objectDef="smallblock">
				<position type="fixed">
					<x>
						1020
					</x>
					<y>
						3120
					</y>
				</position>
			</object>
			<object objectDef="smallblock">
				<position type="fixed">
					<x>
						1020
					</x>
					<y>
						3150
					</y>
				</position>
			</object>
			<object objectDef="smallblock">
				<position type="fixed">
					<x>
						1020
					</x>
					<y>
						3180
					</y>
				</position>
			</object>
			<object objectDef="smallblock">
				<position type="fixed">
					<x>
						1020
					</x>
					<y>
						3210
					</y>
				</position>
			</object>
			<object objectDef="smallblock">
				<position type="fixed">
					<x>
						1020
					</x>
					<y>
						3240
					</y>
				</position>
			</object>
			<object objectDef="smallblock">
				<position type="fixed">
					<x>
						1020
					</x>
					<y>
						3270
					</y>
				</position>
			</object>
			<object objectDef="smallblock">
				<position type="fixed">
					<x>
						1110
					</x>
					<y>
						3180
					</y>
				</position>
			</object>
			<object objectDef="smallblock">
				<position type="fixed">
					<x>
						1140
					</x>
					<y>
						3180
					</y>
				</position>
			</object>
			<object objectDef="smallblock">
				<position type="fixed">
					<x>
						1170
					</x>
					<y>
						3180
					</y>
				</position>
			</object>
			<object objectDef="smallblock">
				<position type="fixed">
					<x>
						1230
					</x>
					<y>
						3180
					</y>
				</position>
			</object>
			<object objectDef="smallblock">
				<position type="fixed">
					<x>
						1200
					</x>
					<y>
						3180
					</y>
				</position>
			</object>
			<object objectDef="smallblock">
				<position type="fixed">
					<x>
						1260
					</x>
					<y>
						3180
					</y>
				</position>
			</object>
			<object objectDef="smallblock">
				<position type="fixed">
					<x>
						1290
					</x>
					<y>
						3180
					</y>
				</position>
			</object>
			<object objectDef="smallblock">
				<position type="fixed">
					<x>
						1230
					</x>
					<y>
						3000
					</y>
				</position>
			</object>
			<object objectDef="smallblock">
				<position type="fixed">
					<x>
						1260
					</x>
					<y>
						3000
					</y>
				</position>
			</object>
			<object objectDef="smallblock">
				<position type="fixed">
					<x>
						1320
					</x>
					<y>
						3180
					</y>
				</position>
			</object>
			<object objectDef="smallblock">
				<position type="fixed">
					<x>
						1350
					</x>
					<y>
						3180
					</y>
				</position>
			</object>
			<object objectDef="smallblock">
				<position type="fixed">
					<x>
						1410
					</x>
					<y>
						3180
					</y>
				</position>
			</object>
			<object objectDef="smallblock">
				<position type="fixed">
					<x>
						1380
					</x>
					<y>
						3180
					</y>
				</position>
			</object>
			<object objectDef="smallblock">
				<position type="fixed">
					<x>
						1440
					</x>
					<y>
						3180
					</y>
				</position>
			</object>
			<object objectDef="smallblock">
				<position type="fixed">
					<x>
						1470
					</x>
					<y>
						3180
					</y>
				</position>
			</object>
			<object objectDef="smallblock">
				<position type="fixed">
					<x>
						1500
					</x>
					<y>
						3210
					</y>
				</position>
			</object>
			<object objectDef="smallblock">
				<position type="fixed">
					<x>
						1530
					</x>
					<y>
						3240
					</y>
				</position>
			</object>
			<object objectDef="smallblock">
				<position type="fixed">
					<x>
						1560
					</x>
					<y>
						3270
					</y>
				</position>
			</object>
			<object objectDef="smallblock">
				<position type="fixed">
					<x>
						1650
					</x>
					<y>
						3660
					</y>
				</position>
			</object>
			<object objectDef="smallblock">
				<position type="fixed">
					<x>
						1050
					</x>
					<y>
						2400
					</y>
				</position>
			</object>
			<object objectDef="greenblock">
				<position type="fixed">
					<x>
						872
					</x>
					<y>
						1852
					</y>
				</position>
			</object>
			<object objectDef="greenblock">
				<position type="fixed">
					<x>
						872
					</x>
					<y>
						1902
					</y>
				</position>
			</object>
			<object objectDef="greenblock">
				<position type="fixed">
					<x>
						872
					</x>
					<y>
						1952
					</y>
				</position>
			</object>
			<object objectDef="greenblock">
				<position type="fixed">
					<x>
						618
					</x>
					<y>
						1994
					</y>
				</position>
			</object>
			<object objectDef="greenblock">
				<position type="fixed">
					<x>
						618
					</x>
					<y>
						2044
					</y>
				</position>
			</object>
			<object objectDef="greenblock">
				<position type="fixed">
					<x>
						618
					</x>
					<y>
						2094
					</y>
				</position>
			</object>
			<object objectDef="greenblock">
				<position type="fixed">
					<x>
						618
					</x>
					<y>
						2144
					</y>
				</position>
			</object>
			<object objectDef="greenblock">
				<position type="fixed">
					<x>
						1104
					</x>
					<y>
						2516
					</y>
				</position>
			</object>
>>>>>>> .r643
		</layer>
		<layer scroll_speed="1.500000" name="foreground_fast"/>
		<layer scroll_speed="1.000000" name="overlays"/>
	</map>
</gameMode>
